STAGE7_INDEPENDENT_GATES
DEPENDENCY_CONTRACT_PASS
AUTOMATION_CONTRACT_PASS
BIBLIOGRAPHY_PASS
TEST_ARCHITECTURE_PASS
RUFF_PASS
MYPY_PASS 33 source files
PYTEST_NON_SLOW_PASS 78 passed 3 deselected
PYTEST_SLOW_PASS 3 passed
COVERAGE_PASS 85.70 threshold=80
SCHEMA_PASS
UI_ASSET_PASS
FRONTEND_QUALITY_PASS
SCIENCE_REGISTRY_PASS
DYNAMIC_ENVIRONMENT_PROBE_PASS
API_SMOKE_PASS
OPENAPI_PASS
BANDIT_MEDIUM_HIGH_PASS
WHEEL_SMOKE_PASS
LICENSE_AUDIT_PASS records=448
PIP_AUDIT_UNKNOWN dns_failure_pypi_org
DOCKER_RUNTIME_UNKNOWN docker_host_required
