\n$ pytest --cov=bive --cov-report=term-missing --cov-fail-under=80
..............................................                           [100%]
================================ tests coverage ================================
_______________ coverage: platform linux, python 3.13.5-final-0 ________________

Name                              Stmts   Miss  Cover   Missing
---------------------------------------------------------------
src/bive/__init__.py                  4      0   100%
src/bive/api.py                     163     30    82%   102-105, 132, 142, 151, 154, 179, 195, 203-204, 228, 247-248, 308-309, 314-317, 322-325, 329-333, 337
src/bive/api_models.py               64      0   100%
src/bive/calibration.py              50      3    94%   24, 63-64
src/bive/eval.py                     28      3    89%   17, 34, 36
src/bive/evidence_graph.py           48      5    90%   17, 28, 37, 41, 61
src/bive/falsifier.py                13      0   100%
src/bive/fusion.py                   41      3    93%   23, 64, 69
src/bive/governance.py               19      8    58%   14, 18-31, 35-39
src/bive/ingest.py                   34      5    85%   22, 30, 34, 37, 48
src/bive/linguistics.py              70      0   100%
src/bive/models.py                  139      1    99%   91
src/bive/pipeline.py                 28      5    82%   16, 20, 23, 43-44
src/bive/pr_gate.py                  54     32    41%   21-22, 27-38, 54-59, 63-73, 77
src/bive/provenance.py               15     15     0%   1-18
src/bive/pseudoscience_guard.py      10      0   100%
src/bive/quality_gate.py             32      7    78%   15, 24, 32, 34, 36, 39, 41
src/bive/questions.py                16      0   100%
src/bive/red_team.py                 36      3    92%   26, 72-73
src/bive/report.py                   50      2    96%   97-98
src/bive/settings.py                 70     16    77%   14-15, 22, 29-32, 67, 71-74, 76, 78, 80, 84
src/bive/simulation.py               23      1    96%   18
src/bive/storage.py                  83      9    89%   45, 78, 104, 125, 128, 131-133, 145
src/bive/validation.py               31      8    74%   36, 40, 45-46, 50, 52, 54-56
src/bive/weights.py                  37      5    86%   61-65
---------------------------------------------------------------
TOTAL                              1158    161    86%
Required test coverage of 80% reached. Total coverage: 86.10%
46 passed in 15.02s
GATE_EXIT pytest status=0
\n$ python scripts/validate_schemas.py --strict --instances
SCHEMA_OK /mnt/data/bive_stage5_work/bive/schemas/evidence_event.schema.json
SCHEMA_OK /mnt/data/bive_stage5_work/bive/schemas/transcript_analyze_request.schema.json
SCHEMA_OK /mnt/data/bive_stage5_work/bive/schemas/verification_report.schema.json
INSTANCE_OK samples/demo_transcript.json:segments -> transcript_analyze_request.schema.json
INSTANCE_OK artifacts/demo_report.json -> verification_report.schema.json
INSTANCE_OK artifacts/demo_report_v0_4_0.json -> verification_report.schema.json
NEGATIVE_INSTANCE_OK transcript extra properties rejected
GATE_EXIT python status=0
\n$ python scripts/check_ui_assets.py
UI_ASSET_PASS
GATE_EXIT python status=0
\n$ python scripts/check_frontend_quality.py
FRONTEND_QUALITY_PASS
GATE_EXIT python status=0
\n$ python scripts/export_openapi.py --output docs/openapi.json --check
