\n$ python scripts/validate_aos_kernel.py
AOS_KERNEL_PASS
\n$ ruff check src tests scripts
All checks passed!
\n$ python -m mypy --no-incremental src
Success: no issues found in 35 source files
\n$ pytest -q -m not slow
........................................................................ [ 82%]
...............                                                          [100%]
\n$ pytest -p pytest_cov -q -m not slow --cov=bive --cov-report=term-missing --cov-fail-under=80
........................................................................ [ 82%]
...............                                                          [100%]
================================ tests coverage ================================
_______________ coverage: platform linux, python 3.13.5-final-0 ________________

Name                              Stmts   Miss  Cover   Missing
---------------------------------------------------------------
src/bive/__init__.py                  4      0   100%
src/bive/aos.py                     140     14    90%   88, 213, 242, 244, 246, 248, 250, 271-276, 286, 297
src/bive/aos_cli.py                  47     47     0%   1-85
src/bive/api.py                     189     30    84%   177-180, 213, 231, 240, 243, 268, 284, 292-293, 344, 352-353, 428-429, 434-437, 446-449, 453-457, 461
src/bive/api_models.py               70      0   100%
src/bive/calibration.py              50      3    94%   24, 65-66
src/bive/eval.py                     28      2    93%   17, 36
src/bive/evidence_graph.py           48      5    90%   17, 33, 47, 54, 86
src/bive/falsifier.py                13      0   100%
src/bive/fusion.py                   41      3    93%   23, 66, 71
src/bive/governance.py               19      8    58%   14, 18-31, 35-47
src/bive/ingest.py                   34      5    85%   22, 30, 34, 37, 48
src/bive/linguistics.py              70      0   100%
src/bive/models.py                  139      1    99%   91
src/bive/pipeline.py                 28      5    82%   16, 20, 23, 51-52
src/bive/pr_gate.py                  54     32    41%   21-22, 27-38, 54-59, 63-73, 77
src/bive/provenance.py               15     15     0%   1-23
src/bive/pseudoscience_guard.py      10      0   100%
src/bive/quality_gate.py             32      7    78%   15, 24, 32, 34, 36, 43, 47
src/bive/questions.py                16      0   100%
src/bive/red_team.py                 36      3    92%   26, 83-84
src/bive/report.py                   50      2    96%   114-115
src/bive/resources/__init__.py        0      0   100%
src/bive/science.py                  59     14    76%   49, 54, 56, 58, 63, 66, 70, 72, 74, 79, 82, 87, 90, 95
src/bive/settings.py                 73     15    79%   22, 29-32, 74, 80-83, 85, 87, 89, 91, 95
src/bive/simulation.py               23      1    96%   18
src/bive/storage.py                  83      9    89%   45, 78, 108, 135, 138, 141-143, 155
src/bive/validation.py               31      8    74%   36, 40, 45-46, 50, 52, 56-58
src/bive/weights.py                  37      5    86%   69-73
---------------------------------------------------------------
TOTAL                              1439    234    84%
Required test coverage of 80% reached. Total coverage: 83.74%
\n$ python scripts/validate_dependency_contracts.py
DEPENDENCY_CONTRACT_PASS
\n$ python scripts/validate_test_architecture.py
TEST_ARCHITECTURE_PASS
\n$ python scripts/validate_automation_contract.py
AUTOMATION_CONTRACT_PASS
\n$ python scripts/validate_bibliography.py
BIBLIOGRAPHY_PASS
\n$ python scripts/validate_threat_model.py
THREAT_MODEL_PASS
\n$ python scripts/validate_microsoft_rest_contract.py
MICROSOFT_REST_CONTRACT_PASS
\n$ python scripts/validate_operational_excellence.py
OPERATIONAL_EXCELLENCE_PASS
\n$ python scripts/validate_science_registry.py
SCIENCE_REGISTRY_PASS
\n$ python scripts/check_frontend_quality.py
FRONTEND_QUALITY_PASS
\n$ python scripts/check_ui_assets.py
UI_ASSET_PASS
SCHEMA_OK /mnt/data/bive_stage9_work/bive/schemas/evidence_event.schema.json
SCHEMA_OK /mnt/data/bive_stage9_work/bive/schemas/transcript_analyze_request.schema.json
SCHEMA_OK /mnt/data/bive_stage9_work/bive/schemas/verification_report.schema.json
INSTANCE_OK samples/demo_transcript.json:segments -> transcript_analyze_request.schema.json
INSTANCE_OK artifacts/demo_report.json -> verification_report.schema.json
INSTANCE_OK artifacts/demo_report_v0_4_0.json -> verification_report.schema.json
NEGATIVE_INSTANCE_OK transcript extra properties rejected
API_SMOKE_PASS
OPENAPI_PASS docs/openapi.json
DYNAMIC_ENVIRONMENT_PROBE_PASS
bandit medium/high: PASS
STAGE9_INDEPENDENT_GATES_PASS
\n$ make test-slow
PYTEST_DISABLE_PLUGIN_AUTOLOAD=1 PYTHONPATH=src pytest -vv \
	tests/test_automation_contract.py::test_automation_contract_script_passes \
	tests/test_automation_contract.py::test_automation_contract_artifact_lists_release_gates \
	tests/test_bibliography_contract.py::test_bibliography_script_passes \
	tests/test_bibliography_contract.py::test_bibliography_artifact_has_required_domains \
	tests/test_dynamic_environment_probe.py::test_dynamic_environment_probe_script_runs \
	tests/test_release_gate_contract.py::test_evidence_bundle_script_passes_after_prerequisites \
	tests/test_release_gate_contract.py::test_evidence_bundle_records_hashes
============================= test session starts ==============================
platform linux -- Python 3.13.5, pytest-9.0.2, pluggy-1.6.0 -- /opt/pyvenv/bin/python3
cachedir: .pytest_cache
rootdir: /mnt/data/bive_stage9_work/bive
configfile: pyproject.toml
collecting ... collected 7 items

tests/test_automation_contract.py::test_automation_contract_script_passes PASSED [ 14%]
tests/test_automation_contract.py::test_automation_contract_artifact_lists_release_gates PASSED [ 28%]
tests/test_bibliography_contract.py::test_bibliography_script_passes PASSED [ 42%]
tests/test_bibliography_contract.py::test_bibliography_artifact_has_required_domains PASSED [ 57%]
tests/test_dynamic_environment_probe.py::test_dynamic_environment_probe_script_runs PASSED [ 71%]
tests/test_release_gate_contract.py::test_evidence_bundle_script_passes_after_prerequisites PASSED [ 85%]
tests/test_release_gate_contract.py::test_evidence_bundle_records_hashes PASSED [100%]

============================== 7 passed in 22.45s ==============================
